2024-10-12 14:53:49,371 - INFO - Loading grading request queue from json
2024-10-12 14:53:49,372 - DEBUG - Priority queue created with 0 items.
2024-10-12 14:53:49,373 - DEBUG - Stopping Grader!!
2024-10-12 14:53:49,374 - INFO - Grading stopped! Assignments remaining in queue: 0.
2024-10-12 14:53:49,374 - DEBUG - Requests needed for New_Assignment: 2
2024-10-12 14:53:49,374 - DEBUG - Added to queue: New_Assignment sumitjaidka786@gmail.com.
2024-10-12 14:53:49,374 - INFO - Grading New_Assignment for sumitjaidka786@gmail.com with 2 requests.
2024-10-12 14:54:00,496 - DEBUG - Stopping Grader!!
2024-10-12 14:54:00,500 - INFO - Grading stopped! Assignments remaining in queue: 0.
2024-10-16 15:02:26,822 - INFO - Loading grading request queue from json
2024-10-16 15:02:26,823 - DEBUG - Priority queue created with 0 items.
2024-10-16 15:02:26,825 - DEBUG - Stopping Grader!!
2024-10-16 15:02:26,842 - INFO - Grading stopped! Assignments remaining in queue: 0.
2024-10-16 15:02:26,842 - DEBUG - Requests needed for DSA_3: 2
2024-10-16 15:02:26,843 - DEBUG - New Assignment task added to queue: DSA_3 sumitjaidka786@gmail.com.
2024-10-16 15:02:26,843 - INFO - Grading DSA_3 for sumitjaidka786@gmail.com with 2 requests.
2024-10-16 15:02:38,865 - DEBUG - Stopping Grader!!
2024-10-16 15:02:38,866 - INFO - Grading stopped! Assignments remaining in queue: 0.
2024-10-16 15:16:18,425 - INFO - Loading grading request queue from json
2024-10-16 15:16:18,426 - DEBUG - Priority queue created with 0 items.
2024-10-16 15:16:18,448 - DEBUG - Stopping Grader!!
2024-10-16 15:16:18,452 - INFO - Grading stopped! Assignments remaining in queue: 0.
2024-10-16 15:16:18,452 - DEBUG - Requests needed for DSA_3: 2
2024-10-16 15:16:18,453 - DEBUG - Added to queue: DSA_3 sumitjaidka786@gmail.com.
2024-10-16 15:16:18,453 - INFO - Grading DSA_3 for sumitjaidka786@gmail.com with 2 requests.
2024-10-16 15:16:30,400 - DEBUG - Stopping Grader!!
2024-10-16 15:16:30,404 - INFO - Grading stopped! Assignments remaining in queue: 0.
2024-10-16 16:46:28,906 - INFO - Loading grading request queue from json
2024-10-16 16:46:28,906 - DEBUG - Priority queue created with 0 items.
2024-10-16 16:46:28,906 - DEBUG - Stopping Grader!!
2024-10-16 16:46:28,907 - INFO - Grading stopped! Assignments remaining in queue: 0.
2024-10-16 16:46:28,907 - DEBUG - Requests needed for veer: 1
2024-10-16 16:46:28,908 - DEBUG - New Assignment task added to queue: veer sumitjaidka786@gmail.com.
2024-10-16 16:46:28,908 - INFO - Grading veer for sumitjaidka786@gmail.com with 1 requests.
2024-10-16 16:46:30,646 - DEBUG - Stopping Grader!!
2024-10-16 16:46:30,653 - INFO - Grading stopped! Assignments remaining in queue: 0.
2024-10-16 16:47:27,677 - INFO - Loading grading request queue from json
2024-10-16 16:47:27,677 - DEBUG - Priority queue created with 0 items.
2024-10-16 16:47:27,687 - DEBUG - Stopping Grader!!
2024-10-16 16:47:27,693 - INFO - Grading stopped! Assignments remaining in queue: 0.
2024-10-16 16:47:27,693 - DEBUG - Requests needed for veer: 1
2024-10-16 16:47:27,693 - DEBUG - Added to queue: veer sumitjaidka786@gmail.com.
2024-10-16 16:47:27,693 - INFO - Grading veer for sumitjaidka786@gmail.com with 1 requests.
2024-10-16 16:47:34,741 - DEBUG - Stopping Grader!!
2024-10-16 16:47:34,741 - INFO - Grading stopped! Assignments remaining in queue: 0.
